c:\users\jasmi\onedrive - university of wisconsin - platteville\year3\fall 2021\data structures\program4\program4\program4\debug\vc142.pdb
c:\users\jasmi\onedrive - university of wisconsin - platteville\year3\fall 2021\data structures\program4\program4\program4\debug\.netframework,version=v4.7.2.assemblyattributes.obj
c:\users\jasmi\onedrive - university of wisconsin - platteville\year3\fall 2021\data structures\program4\program4\program4\debug\yellowballoons.obj
c:\users\jasmi\onedrive - university of wisconsin - platteville\year3\fall 2021\data structures\program4\program4\program4\debug\redballoons.obj
c:\users\jasmi\onedrive - university of wisconsin - platteville\year3\fall 2021\data structures\program4\program4\program4\debug\program41.obj
c:\users\jasmi\onedrive - university of wisconsin - platteville\year3\fall 2021\data structures\program4\program4\program4\debug\myobjectlist.obj
c:\users\jasmi\onedrive - university of wisconsin - platteville\year3\fall 2021\data structures\program4\program4\program4\debug\myobject.obj
c:\users\jasmi\onedrive - university of wisconsin - platteville\year3\fall 2021\data structures\program4\program4\program4\debug\bombs.obj
c:\users\jasmi\onedrive - university of wisconsin - platteville\year3\fall 2021\data structures\program4\program4\program4\debug\program4.obj
c:\users\jasmi\onedrive - university of wisconsin - platteville\year3\fall 2021\data structures\program4\program4\debug\program4.exe
c:\users\jasmi\onedrive - university of wisconsin - platteville\year3\fall 2021\data structures\program4\program4\debug\program4.pdb
c:\users\jasmi\onedrive - university of wisconsin - platteville\year3\fall 2021\data structures\program4\program4\program4\debug\program4.program41.resources
c:\users\jasmi\onedrive - university of wisconsin - platteville\year3\fall 2021\data structures\program4\program4\program4\debug\program4.program4.resources
c:\users\jasmi\onedrive - university of wisconsin - platteville\year3\fall 2021\data structures\program4\program4\program4\debug\program4.res
c:\users\jasmi\onedrive - university of wisconsin - platteville\year3\fall 2021\data structures\program4\program4\program4\debug\program4.tlog\cl.command.1.tlog
c:\users\jasmi\onedrive - university of wisconsin - platteville\year3\fall 2021\data structures\program4\program4\program4\debug\program4.tlog\cl.read.1.tlog
c:\users\jasmi\onedrive - university of wisconsin - platteville\year3\fall 2021\data structures\program4\program4\program4\debug\program4.tlog\cl.write.1.tlog
c:\users\jasmi\onedrive - university of wisconsin - platteville\year3\fall 2021\data structures\program4\program4\program4\debug\program4.tlog\link.command.1.tlog
c:\users\jasmi\onedrive - university of wisconsin - platteville\year3\fall 2021\data structures\program4\program4\program4\debug\program4.tlog\link.read.1.tlog
c:\users\jasmi\onedrive - university of wisconsin - platteville\year3\fall 2021\data structures\program4\program4\program4\debug\program4.tlog\link.write.1.tlog
c:\users\jasmi\onedrive - university of wisconsin - platteville\year3\fall 2021\data structures\program4\program4\program4\debug\program4.tlog\metagen.read.1.tlog
c:\users\jasmi\onedrive - university of wisconsin - platteville\year3\fall 2021\data structures\program4\program4\program4\debug\program4.tlog\metagen.write.1.tlog
c:\users\jasmi\onedrive - university of wisconsin - platteville\year3\fall 2021\data structures\program4\program4\program4\debug\program4.tlog\program4.write.1u.tlog
c:\users\jasmi\onedrive - university of wisconsin - platteville\year3\fall 2021\data structures\program4\program4\program4\debug\program4.tlog\rc.command.1.tlog
c:\users\jasmi\onedrive - university of wisconsin - platteville\year3\fall 2021\data structures\program4\program4\program4\debug\program4.tlog\rc.read.1.tlog
c:\users\jasmi\onedrive - university of wisconsin - platteville\year3\fall 2021\data structures\program4\program4\program4\debug\program4.tlog\rc.write.1.tlog
